<?xml version="1.0" encoding="UTF-8"?>
<!-- Generated by org.testng.reporters.JUnitReportReporter -->
<testsuite hostname="LAPTOP-JM52ANU7" name="com.tm.hrm.TestScriptDefinitions.Module1" tests="1" failures="0" timestamp="8 Jun 2017 16:15:29 GMT" time="28.514" errors="0">
  <testcase name="TC101_AddEmergencyContactsAndVerify" time="28.514" classname="com.tm.hrm.TestScriptDefinitions.Module1"/>
</testsuite> <!-- com.tm.hrm.TestScriptDefinitions.Module1 -->
