<?xml version="1.0" encoding="UTF-8"?>
<!-- Generated by org.testng.reporters.JUnitReportReporter -->
<testsuite skipped="0" hostname="Ankit-PC" name="com.tm.hrm.set1.TestScriptDefinitions.EmergencyContact" tests="2" failures="0" timestamp="10 May 2017 02:15:16 GMT" time="26.845" errors="0">
  <testcase name="TC01_EmergencyContacts_AddRecord" time="14.786" classname="com.tm.hrm.set1.TestScriptDefinitions.EmergencyContact"/>
  <testcase name="TC03_EmergencyContacts_DeleteRecord" time="12.059" classname="com.tm.hrm.set1.TestScriptDefinitions.EmergencyContact"/>
</testsuite> <!-- com.tm.hrm.set1.TestScriptDefinitions.EmergencyContact -->
