<?xml version="1.0" encoding="UTF-8"?>
<!-- Generated by org.testng.reporters.JUnitReportReporter -->
<testsuite hostname="Ankit-PC" name="package1.Module1" tests="2" failures="0" timestamp="11 Feb 2017 14:19:09 GMT" time="38.029" errors="0">
  <testcase name="TC02_AddDependenciesAndVerify" time="19.438" classname="package1.Module1"/>
  <testcase name="TC01_AddEmergencyContactsAndVerify" time="18.591" classname="package1.Module1"/>
</testsuite> <!-- package1.Module1 -->
