<?xml version="1.0" encoding="UTF-8"?>
<!-- Generated by org.testng.reporters.JUnitReportReporter -->
<testsuite hostname="Ankit-PC" name="com.tm.hrm.set1.TestScriptDefinitions.M2_Dependents" tests="1" failures="0" timestamp="10 May 2017 03:01:25 GMT" time="17.602" errors="0">
  <testcase name="TC201_Dependents_AddRecord" time="17.602" classname="com.tm.hrm.set1.TestScriptDefinitions.M2_Dependents"/>
</testsuite> <!-- com.tm.hrm.set1.TestScriptDefinitions.M2_Dependents -->
