<?xml version="1.0" encoding="UTF-8"?>
<!-- Generated by org.testng.reporters.JUnitReportReporter -->
<testsuite name="package1.TestCase3" tests="1" time="0.095" ignored="0" failures="0" timestamp="06 Feb 2017 03:40:08 GMT" skipped="0" hostname="balu-PC" errors="0">
  <testcase name="f" time="0.095" classname="package1.TestCase3"/>
</testsuite> <!-- package1.TestCase3 -->
