<?xml version="1.0" encoding="UTF-8"?>
<!-- Generated by org.testng.reporters.JUnitReportReporter -->
<testsuite hostname="Ankit-PC" name="com.tm.hrm.TestScriptDefinitions.M1_EmergencyContact" tests="1" failures="0" timestamp="26 May 2017 14:15:49 GMT" time="13.924" errors="0">
  <testcase name="TC101_AddEmergencyContactsAndVerify" time="13.924" classname="com.tm.hrm.TestScriptDefinitions.M1_EmergencyContact"/>
</testsuite> <!-- com.tm.hrm.TestScriptDefinitions.M1_EmergencyContact -->
